2018-04-11 20:00:30.994  INFO 23708 --- [main] de.codecentric.psd.Worblehat             : Starting Worblehat v1.1.0-SNAPSHOT on ip-172-31-31-138 with PID 23708 (/opt/worblehat-test/worblehat.jar started by ubuntu in /opt/worblehat-test)
2018-04-11 20:00:30.998 DEBUG 23708 --- [main] de.codecentric.psd.Worblehat             : Running with Spring Boot v2.0.1.RELEASE, Spring v5.0.5.RELEASE
2018-04-11 20:00:30.998  INFO 23708 --- [main] de.codecentric.psd.Worblehat             : No active profile set, falling back to default profiles: default
2018-04-11 20:00:31.202  INFO 23708 --- [main] ConfigServletWebServerApplicationContext : Refreshing org.springframework.boot.web.servlet.context.AnnotationConfigServletWebServerApplicationContext@47f6473: startup date [Wed Apr 11 20:00:31 UTC 2018]; root of context hierarchy
2018-04-11 20:00:35.402  INFO 23708 --- [main] trationDelegate$BeanPostProcessorChecker : Bean 'org.springframework.transaction.annotation.ProxyTransactionManagementConfiguration' of type [org.springframework.transaction.annotation.ProxyTransactionManagementConfiguration$$EnhancerBySpringCGLIB$$1c469ec5] is not eligible for getting processed by all BeanPostProcessors (for example: not eligible for auto-proxying)
2018-04-11 20:00:35.952  INFO 23708 --- [main] o.s.b.w.embedded.tomcat.TomcatWebServer  : Tomcat initialized with port(s): 8081 (http)
2018-04-11 20:00:36.119  INFO 23708 --- [main] o.apache.catalina.core.StandardService   : Starting service [Tomcat]
2018-04-11 20:00:36.120  INFO 23708 --- [main] org.apache.catalina.core.StandardEngine  : Starting Servlet Engine: Apache Tomcat/8.5.29
2018-04-11 20:00:36.134  INFO 23708 --- [localhost-startStop-1] o.a.catalina.core.AprLifecycleListener   : The APR based Apache Tomcat Native library which allows optimal performance in production environments was not found on the java.library.path: [/usr/java/packages/lib/amd64:/usr/lib/x86_64-linux-gnu/jni:/lib/x86_64-linux-gnu:/usr/lib/x86_64-linux-gnu:/usr/lib/jni:/lib:/usr/lib]
2018-04-11 20:00:36.231  INFO 23708 --- [localhost-startStop-1] o.a.c.c.C.[Tomcat].[localhost].[/]       : Initializing Spring embedded WebApplicationContext
2018-04-11 20:00:36.231  INFO 23708 --- [localhost-startStop-1] o.s.web.context.ContextLoader            : Root WebApplicationContext: initialization completed in 5029 ms
2018-04-11 20:00:37.386  INFO 23708 --- [localhost-startStop-1] o.s.b.w.servlet.ServletRegistrationBean  : Servlet dispatcherServlet mapped to [/]
2018-04-11 20:00:37.400  INFO 23708 --- [localhost-startStop-1] o.s.b.w.servlet.FilterRegistrationBean   : Mapping filter: 'characterEncodingFilter' to: [/*]
2018-04-11 20:00:37.404  INFO 23708 --- [localhost-startStop-1] o.s.b.w.servlet.FilterRegistrationBean   : Mapping filter: 'hiddenHttpMethodFilter' to: [/*]
2018-04-11 20:00:37.405  INFO 23708 --- [localhost-startStop-1] o.s.b.w.servlet.FilterRegistrationBean   : Mapping filter: 'httpPutFormContentFilter' to: [/*]
2018-04-11 20:00:37.405  INFO 23708 --- [localhost-startStop-1] o.s.b.w.servlet.FilterRegistrationBean   : Mapping filter: 'requestContextFilter' to: [/*]
2018-04-11 20:00:37.405  INFO 23708 --- [localhost-startStop-1] o.s.b.w.servlet.FilterRegistrationBean   : Mapping filter: 'httpTraceFilter' to: [/*]
2018-04-11 20:00:37.406  INFO 23708 --- [localhost-startStop-1] o.s.b.w.servlet.FilterRegistrationBean   : Mapping filter: 'webMvcMetricsFilter' to: [/*]
2018-04-11 20:00:38.264  INFO 23708 --- [main] com.zaxxer.hikari.HikariDataSource       : HikariPool-1 - Starting...
2018-04-11 20:00:38.684  INFO 23708 --- [main] com.zaxxer.hikari.HikariDataSource       : HikariPool-1 - Start completed.
2018-04-11 20:00:38.918  INFO 23708 --- [main] liquibase                                : Successfully acquired change log lock
2018-04-11 20:00:38.918  INFO 23708 --- [main] liquibase                                : Dropping Database Objects in schema: worblehat_test.worblehat_test
2018-04-11 20:00:39.986  WARN 23708 --- [main] liquibase                                : Database does not support drop with cascade
2018-04-11 20:00:40.006  WARN 23708 --- [main] liquibase                                : Database does not support drop with cascade
2018-04-11 20:00:40.072  INFO 23708 --- [main] liquibase                                : Successfully acquired change log lock
2018-04-11 20:00:40.268  INFO 23708 --- [main] liquibase                                : Creating database history table with name: worblehat_test.DATABASECHANGELOG
2018-04-11 20:00:40.290  INFO 23708 --- [main] liquibase                                : Reading from worblehat_test.DATABASECHANGELOG
2018-04-11 20:00:40.326  INFO 23708 --- [main] liquibase                                : classpath:master.xml: de/codecentric/psd/worblehat/liquibase-changesets/version-1.0/001-initialize-db.sql::create_table_books::action: Custom SQL executed
2018-04-11 20:00:40.327  INFO 23708 --- [main] liquibase                                : classpath:master.xml: de/codecentric/psd/worblehat/liquibase-changesets/version-1.0/001-initialize-db.sql::create_table_books::action: ChangeSet de/codecentric/psd/worblehat/liquibase-changesets/version-1.0/001-initialize-db.sql::create_table_books::action ran successfully in 25ms
2018-04-11 20:00:40.355  INFO 23708 --- [main] liquibase                                : classpath:master.xml: de/codecentric/psd/worblehat/liquibase-changesets/version-1.0/001-initialize-db.sql::create_table_borrowing::action: Custom SQL executed
2018-04-11 20:00:40.356  INFO 23708 --- [main] liquibase                                : classpath:master.xml: de/codecentric/psd/worblehat/liquibase-changesets/version-1.0/001-initialize-db.sql::create_table_borrowing::action: ChangeSet de/codecentric/psd/worblehat/liquibase-changesets/version-1.0/001-initialize-db.sql::create_table_borrowing::action ran successfully in 20ms
2018-04-11 20:00:40.380  INFO 23708 --- [main] liquibase                                : classpath:master.xml: de/codecentric/psd/worblehat/liquibase-changesets/version-1.0/001-initialize-db.sql::insert_demo_data::action: Custom SQL executed
2018-04-11 20:00:40.382  INFO 23708 --- [main] liquibase                                : classpath:master.xml: de/codecentric/psd/worblehat/liquibase-changesets/version-1.0/001-initialize-db.sql::insert_demo_data::action: ChangeSet de/codecentric/psd/worblehat/liquibase-changesets/version-1.0/001-initialize-db.sql::insert_demo_data::action ran successfully in 17ms
2018-04-11 20:00:40.398  INFO 23708 --- [main] liquibase                                : classpath:master.xml: de/codecentric/psd/worblehat/liquibase-changesets/version-1.0/002-remove-unique-isbn-constraint.sql::drop_index::action: Custom SQL executed
2018-04-11 20:00:40.399  INFO 23708 --- [main] liquibase                                : classpath:master.xml: de/codecentric/psd/worblehat/liquibase-changesets/version-1.0/002-remove-unique-isbn-constraint.sql::drop_index::action: ChangeSet de/codecentric/psd/worblehat/liquibase-changesets/version-1.0/002-remove-unique-isbn-constraint.sql::drop_index::action ran successfully in 11ms
2018-04-11 20:00:40.411  INFO 23708 --- [main] liquibase                                : Successfully released change log lock
2018-04-11 20:00:40.614  INFO 23708 --- [main] j.LocalContainerEntityManagerFactoryBean : Building JPA container EntityManagerFactory for persistence unit 'default'
2018-04-11 20:00:40.647  INFO 23708 --- [main] o.hibernate.jpa.internal.util.LogHelper  : HHH000204: Processing PersistenceUnitInfo [
	name: default
	...]
2018-04-11 20:00:40.812  INFO 23708 --- [main] org.hibernate.Version                    : HHH000412: Hibernate Core {5.2.16.Final}
2018-04-11 20:00:40.814  INFO 23708 --- [main] org.hibernate.cfg.Environment            : HHH000206: hibernate.properties not found
2018-04-11 20:00:40.878  INFO 23708 --- [main] o.hibernate.annotations.common.Version   : HCANN000001: Hibernate Commons Annotations {5.0.1.Final}
2018-04-11 20:00:41.144  INFO 23708 --- [main] org.hibernate.dialect.Dialect            : HHH000400: Using dialect: org.hibernate.dialect.MySQL5Dialect
2018-04-11 20:00:42.235  INFO 23708 --- [main] j.LocalContainerEntityManagerFactoryBean : Initialized JPA EntityManagerFactory for persistence unit 'default'
2018-04-11 20:00:42.723  INFO 23708 --- [main] o.h.h.i.QueryTranslatorFactoryInitiator  : HHH000397: Using ASTQueryTranslatorFactory
2018-04-11 20:00:43.382  INFO 23708 --- [main] o.s.w.s.handler.SimpleUrlHandlerMapping  : Mapped URL path [/**/favicon.ico] onto handler of type [class org.springframework.web.servlet.resource.ResourceHttpRequestHandler]
2018-04-11 20:00:43.958  INFO 23708 --- [main] s.w.s.m.m.a.RequestMappingHandlerAdapter : Looking for @ControllerAdvice: org.springframework.boot.web.servlet.context.AnnotationConfigServletWebServerApplicationContext@47f6473: startup date [Wed Apr 11 20:00:31 UTC 2018]; root of context hierarchy
2018-04-11 20:00:44.031  WARN 23708 --- [main] aWebConfiguration$JpaWebMvcConfiguration : spring.jpa.open-in-view is enabled by default. Therefore, database queries may be performed during view rendering. Explicitly configure spring.jpa.open-in-view to disable this warning
2018-04-11 20:00:44.098  INFO 23708 --- [main] s.w.s.m.m.a.RequestMappingHandlerMapping : Mapped "{[/returnAllBooks],methods=[GET]}" onto public void de.codecentric.psd.worblehat.web.controller.ReturnAllBooksController.prepareView(org.springframework.ui.ModelMap)
2018-04-11 20:00:44.101  INFO 23708 --- [main] s.w.s.m.m.a.RequestMappingHandlerMapping : Mapped "{[/returnAllBooks],methods=[POST]}" onto public java.lang.String de.codecentric.psd.worblehat.web.controller.ReturnAllBooksController.returnAllBooks(de.codecentric.psd.worblehat.web.formdata.ReturnAllBooksFormData,org.springframework.validation.BindingResult)
2018-04-11 20:00:44.104  INFO 23708 --- [main] s.w.s.m.m.a.RequestMappingHandlerMapping : Mapped "{[/],methods=[GET]}" onto public java.lang.String de.codecentric.psd.worblehat.web.controller.NavigationController.home()
2018-04-11 20:00:44.106  INFO 23708 --- [main] s.w.s.m.m.a.RequestMappingHandlerMapping : Mapped "{[/bookList],methods=[GET]}" onto public java.lang.String de.codecentric.psd.worblehat.web.controller.BookListController.setupForm(org.springframework.ui.ModelMap)
2018-04-11 20:00:44.109  INFO 23708 --- [main] s.w.s.m.m.a.RequestMappingHandlerMapping : Mapped "{[/borrow],methods=[GET]}" onto public void de.codecentric.psd.worblehat.web.controller.BorrowBookController.setupForm(org.springframework.ui.ModelMap)
2018-04-11 20:00:44.110  INFO 23708 --- [main] s.w.s.m.m.a.RequestMappingHandlerMapping : Mapped "{[/borrow],methods=[POST]}" onto public java.lang.String de.codecentric.psd.worblehat.web.controller.BorrowBookController.processSubmit(de.codecentric.psd.worblehat.web.formdata.BookBorrowFormData,org.springframework.validation.BindingResult)
2018-04-11 20:00:44.113  INFO 23708 --- [main] s.w.s.m.m.a.RequestMappingHandlerMapping : Mapped "{[/insertBooks],methods=[GET]}" onto public void de.codecentric.psd.worblehat.web.controller.InsertBookController.setupForm(org.springframework.ui.ModelMap)
2018-04-11 20:00:44.113  INFO 23708 --- [main] s.w.s.m.m.a.RequestMappingHandlerMapping : Mapped "{[/insertBooks],methods=[POST]}" onto public java.lang.String de.codecentric.psd.worblehat.web.controller.InsertBookController.processSubmit(de.codecentric.psd.worblehat.web.formdata.BookDataFormData,org.springframework.validation.BindingResult)
2018-04-11 20:00:44.118  INFO 23708 --- [main] s.w.s.m.m.a.RequestMappingHandlerMapping : Mapped "{[/error],produces=[text/html]}" onto public org.springframework.web.servlet.ModelAndView org.springframework.boot.autoconfigure.web.servlet.error.BasicErrorController.errorHtml(javax.servlet.http.HttpServletRequest,javax.servlet.http.HttpServletResponse)
2018-04-11 20:00:44.120  INFO 23708 --- [main] s.w.s.m.m.a.RequestMappingHandlerMapping : Mapped "{[/error]}" onto public org.springframework.http.ResponseEntity<java.util.Map<java.lang.String, java.lang.Object>> org.springframework.boot.autoconfigure.web.servlet.error.BasicErrorController.error(javax.servlet.http.HttpServletRequest)
2018-04-11 20:00:44.184  INFO 23708 --- [main] o.s.w.s.handler.SimpleUrlHandlerMapping  : Mapped URL path [/webjars/**] onto handler of type [class org.springframework.web.servlet.resource.ResourceHttpRequestHandler]
2018-04-11 20:00:44.185  INFO 23708 --- [main] o.s.w.s.handler.SimpleUrlHandlerMapping  : Mapped URL path [/**] onto handler of type [class org.springframework.web.servlet.resource.ResourceHttpRequestHandler]
2018-04-11 20:00:45.047  INFO 23708 --- [main] o.s.b.a.e.web.EndpointLinksResolver      : Exposing 16 endpoint(s) beneath base path '/actuator'
2018-04-11 20:00:45.069  INFO 23708 --- [main] s.b.a.e.w.s.WebMvcEndpointHandlerMapping : Mapped "{[/actuator/auditevents],methods=[GET],produces=[application/vnd.spring-boot.actuator.v2+json || application/json]}" onto public java.lang.Object org.springframework.boot.actuate.endpoint.web.servlet.AbstractWebMvcEndpointHandlerMapping$OperationHandler.handle(javax.servlet.http.HttpServletRequest,java.util.Map<java.lang.String, java.lang.String>)
2018-04-11 20:00:45.070  INFO 23708 --- [main] s.b.a.e.w.s.WebMvcEndpointHandlerMapping : Mapped "{[/actuator/beans],methods=[GET],produces=[application/vnd.spring-boot.actuator.v2+json || application/json]}" onto public java.lang.Object org.springframework.boot.actuate.endpoint.web.servlet.AbstractWebMvcEndpointHandlerMapping$OperationHandler.handle(javax.servlet.http.HttpServletRequest,java.util.Map<java.lang.String, java.lang.String>)
2018-04-11 20:00:45.071  INFO 23708 --- [main] s.b.a.e.w.s.WebMvcEndpointHandlerMapping : Mapped "{[/actuator/health],methods=[GET],produces=[application/vnd.spring-boot.actuator.v2+json || application/json]}" onto public java.lang.Object org.springframework.boot.actuate.endpoint.web.servlet.AbstractWebMvcEndpointHandlerMapping$OperationHandler.handle(javax.servlet.http.HttpServletRequest,java.util.Map<java.lang.String, java.lang.String>)
2018-04-11 20:00:45.071  INFO 23708 --- [main] s.b.a.e.w.s.WebMvcEndpointHandlerMapping : Mapped "{[/actuator/conditions],methods=[GET],produces=[application/vnd.spring-boot.actuator.v2+json || application/json]}" onto public java.lang.Object org.springframework.boot.actuate.endpoint.web.servlet.AbstractWebMvcEndpointHandlerMapping$OperationHandler.handle(javax.servlet.http.HttpServletRequest,java.util.Map<java.lang.String, java.lang.String>)
2018-04-11 20:00:45.073  INFO 23708 --- [main] s.b.a.e.w.s.WebMvcEndpointHandlerMapping : Mapped "{[/actuator/configprops],methods=[GET],produces=[application/vnd.spring-boot.actuator.v2+json || application/json]}" onto public java.lang.Object org.springframework.boot.actuate.endpoint.web.servlet.AbstractWebMvcEndpointHandlerMapping$OperationHandler.handle(javax.servlet.http.HttpServletRequest,java.util.Map<java.lang.String, java.lang.String>)
2018-04-11 20:00:45.074  INFO 23708 --- [main] s.b.a.e.w.s.WebMvcEndpointHandlerMapping : Mapped "{[/actuator/env/{toMatch}],methods=[GET],produces=[application/vnd.spring-boot.actuator.v2+json || application/json]}" onto public java.lang.Object org.springframework.boot.actuate.endpoint.web.servlet.AbstractWebMvcEndpointHandlerMapping$OperationHandler.handle(javax.servlet.http.HttpServletRequest,java.util.Map<java.lang.String, java.lang.String>)
2018-04-11 20:00:45.079  INFO 23708 --- [main] s.b.a.e.w.s.WebMvcEndpointHandlerMapping : Mapped "{[/actuator/env],methods=[GET],produces=[application/vnd.spring-boot.actuator.v2+json || application/json]}" onto public java.lang.Object org.springframework.boot.actuate.endpoint.web.servlet.AbstractWebMvcEndpointHandlerMapping$OperationHandler.handle(javax.servlet.http.HttpServletRequest,java.util.Map<java.lang.String, java.lang.String>)
2018-04-11 20:00:45.079  INFO 23708 --- [main] s.b.a.e.w.s.WebMvcEndpointHandlerMapping : Mapped "{[/actuator/info],methods=[GET],produces=[application/vnd.spring-boot.actuator.v2+json || application/json]}" onto public java.lang.Object org.springframework.boot.actuate.endpoint.web.servlet.AbstractWebMvcEndpointHandlerMapping$OperationHandler.handle(javax.servlet.http.HttpServletRequest,java.util.Map<java.lang.String, java.lang.String>)
2018-04-11 20:00:45.079  INFO 23708 --- [main] s.b.a.e.w.s.WebMvcEndpointHandlerMapping : Mapped "{[/actuator/liquibase],methods=[GET],produces=[application/vnd.spring-boot.actuator.v2+json || application/json]}" onto public java.lang.Object org.springframework.boot.actuate.endpoint.web.servlet.AbstractWebMvcEndpointHandlerMapping$OperationHandler.handle(javax.servlet.http.HttpServletRequest,java.util.Map<java.lang.String, java.lang.String>)
2018-04-11 20:00:45.080  INFO 23708 --- [main] s.b.a.e.w.s.WebMvcEndpointHandlerMapping : Mapped "{[/actuator/logfile],methods=[GET],produces=[application/octet-stream]}" onto public java.lang.Object org.springframework.boot.actuate.endpoint.web.servlet.AbstractWebMvcEndpointHandlerMapping$OperationHandler.handle(javax.servlet.http.HttpServletRequest,java.util.Map<java.lang.String, java.lang.String>)
2018-04-11 20:00:45.080  INFO 23708 --- [main] s.b.a.e.w.s.WebMvcEndpointHandlerMapping : Mapped "{[/actuator/loggers],methods=[GET],produces=[application/vnd.spring-boot.actuator.v2+json || application/json]}" onto public java.lang.Object org.springframework.boot.actuate.endpoint.web.servlet.AbstractWebMvcEndpointHandlerMapping$OperationHandler.handle(javax.servlet.http.HttpServletRequest,java.util.Map<java.lang.String, java.lang.String>)
2018-04-11 20:00:45.081  INFO 23708 --- [main] s.b.a.e.w.s.WebMvcEndpointHandlerMapping : Mapped "{[/actuator/loggers/{name}],methods=[GET],produces=[application/vnd.spring-boot.actuator.v2+json || application/json]}" onto public java.lang.Object org.springframework.boot.actuate.endpoint.web.servlet.AbstractWebMvcEndpointHandlerMapping$OperationHandler.handle(javax.servlet.http.HttpServletRequest,java.util.Map<java.lang.String, java.lang.String>)
2018-04-11 20:00:45.082  INFO 23708 --- [main] s.b.a.e.w.s.WebMvcEndpointHandlerMapping : Mapped "{[/actuator/loggers/{name}],methods=[POST],consumes=[application/vnd.spring-boot.actuator.v2+json || application/json]}" onto public java.lang.Object org.springframework.boot.actuate.endpoint.web.servlet.AbstractWebMvcEndpointHandlerMapping$OperationHandler.handle(javax.servlet.http.HttpServletRequest,java.util.Map<java.lang.String, java.lang.String>)
2018-04-11 20:00:45.082  INFO 23708 --- [main] s.b.a.e.w.s.WebMvcEndpointHandlerMapping : Mapped "{[/actuator/heapdump],methods=[GET],produces=[application/octet-stream]}" onto public java.lang.Object org.springframework.boot.actuate.endpoint.web.servlet.AbstractWebMvcEndpointHandlerMapping$OperationHandler.handle(javax.servlet.http.HttpServletRequest,java.util.Map<java.lang.String, java.lang.String>)
2018-04-11 20:00:45.082  INFO 23708 --- [main] s.b.a.e.w.s.WebMvcEndpointHandlerMapping : Mapped "{[/actuator/threaddump],methods=[GET],produces=[application/vnd.spring-boot.actuator.v2+json || application/json]}" onto public java.lang.Object org.springframework.boot.actuate.endpoint.web.servlet.AbstractWebMvcEndpointHandlerMapping$OperationHandler.handle(javax.servlet.http.HttpServletRequest,java.util.Map<java.lang.String, java.lang.String>)
2018-04-11 20:00:45.083  INFO 23708 --- [main] s.b.a.e.w.s.WebMvcEndpointHandlerMapping : Mapped "{[/actuator/metrics],methods=[GET],produces=[application/vnd.spring-boot.actuator.v2+json || application/json]}" onto public java.lang.Object org.springframework.boot.actuate.endpoint.web.servlet.AbstractWebMvcEndpointHandlerMapping$OperationHandler.handle(javax.servlet.http.HttpServletRequest,java.util.Map<java.lang.String, java.lang.String>)
2018-04-11 20:00:45.083  INFO 23708 --- [main] s.b.a.e.w.s.WebMvcEndpointHandlerMapping : Mapped "{[/actuator/metrics/{requiredMetricName}],methods=[GET],produces=[application/vnd.spring-boot.actuator.v2+json || application/json]}" onto public java.lang.Object org.springframework.boot.actuate.endpoint.web.servlet.AbstractWebMvcEndpointHandlerMapping$OperationHandler.handle(javax.servlet.http.HttpServletRequest,java.util.Map<java.lang.String, java.lang.String>)
2018-04-11 20:00:45.084  INFO 23708 --- [main] s.b.a.e.w.s.WebMvcEndpointHandlerMapping : Mapped "{[/actuator/scheduledtasks],methods=[GET],produces=[application/vnd.spring-boot.actuator.v2+json || application/json]}" onto public java.lang.Object org.springframework.boot.actuate.endpoint.web.servlet.AbstractWebMvcEndpointHandlerMapping$OperationHandler.handle(javax.servlet.http.HttpServletRequest,java.util.Map<java.lang.String, java.lang.String>)
2018-04-11 20:00:45.084  INFO 23708 --- [main] s.b.a.e.w.s.WebMvcEndpointHandlerMapping : Mapped "{[/actuator/httptrace],methods=[GET],produces=[application/vnd.spring-boot.actuator.v2+json || application/json]}" onto public java.lang.Object org.springframework.boot.actuate.endpoint.web.servlet.AbstractWebMvcEndpointHandlerMapping$OperationHandler.handle(javax.servlet.http.HttpServletRequest,java.util.Map<java.lang.String, java.lang.String>)
2018-04-11 20:00:45.084  INFO 23708 --- [main] s.b.a.e.w.s.WebMvcEndpointHandlerMapping : Mapped "{[/actuator/mappings],methods=[GET],produces=[application/vnd.spring-boot.actuator.v2+json || application/json]}" onto public java.lang.Object org.springframework.boot.actuate.endpoint.web.servlet.AbstractWebMvcEndpointHandlerMapping$OperationHandler.handle(javax.servlet.http.HttpServletRequest,java.util.Map<java.lang.String, java.lang.String>)
2018-04-11 20:00:45.085  INFO 23708 --- [main] s.b.a.e.w.s.WebMvcEndpointHandlerMapping : Mapped "{[/actuator],methods=[GET],produces=[application/vnd.spring-boot.actuator.v2+json || application/json]}" onto protected java.util.Map<java.lang.String, java.util.Map<java.lang.String, org.springframework.boot.actuate.endpoint.web.Link>> org.springframework.boot.actuate.endpoint.web.servlet.WebMvcEndpointHandlerMapping.links(javax.servlet.http.HttpServletRequest,javax.servlet.http.HttpServletResponse)
2018-04-11 20:00:45.169  INFO 23708 --- [main] o.s.j.e.a.AnnotationMBeanExporter        : Registering beans for JMX exposure on startup
2018-04-11 20:00:45.172  INFO 23708 --- [main] o.s.j.e.a.AnnotationMBeanExporter        : Bean with name 'dataSource' has been autodetected for JMX exposure
2018-04-11 20:00:45.180  INFO 23708 --- [main] o.s.j.e.a.AnnotationMBeanExporter        : Located MBean 'dataSource': registering with JMX server as MBean [com.zaxxer.hikari:name=dataSource,type=HikariDataSource]
2018-04-11 20:00:45.229  INFO 23708 --- [main] o.s.b.w.embedded.tomcat.TomcatWebServer  : Tomcat started on port(s): 8081 (http) with context path ''
2018-04-11 20:00:45.233  INFO 23708 --- [main] de.codecentric.psd.Worblehat             : Started Worblehat in 16.066 seconds (JVM running for 17.226)
2018-04-11 20:01:55.241  INFO 23708 --- [http-nio-8081-exec-1] o.a.c.c.C.[Tomcat].[localhost].[/]       : Initializing Spring FrameworkServlet 'dispatcherServlet'
2018-04-11 20:01:55.242  INFO 23708 --- [http-nio-8081-exec-1] o.s.web.servlet.DispatcherServlet        : FrameworkServlet 'dispatcherServlet': initialization started
2018-04-11 20:01:55.268  INFO 23708 --- [http-nio-8081-exec-1] o.s.web.servlet.DispatcherServlet        : FrameworkServlet 'dispatcherServlet': initialization completed in 26 ms